<?xml version="1.0" encoding="UTF-8"?>
<!-- Generated by org.testng.reporters.JUnitXMLReporter -->
<testsuite ignored="2" hostname="Dell" failures="1" tests="1" name="submitOrder" time="1.118" errors="0" timestamp="2026-07-27T17:31:48 WEST">
  <testcase classname="tests.submitOrder" name="failLogin" time="0.0">
    <failure type="java.lang.RuntimeException" message="java.sql.SQLException: Access denied for user &amp;apos;root&amp;apos;@&amp;apos;localhost&amp;apos; (using password: NO)">
      <![CDATA[java.lang.RuntimeException: java.sql.SQLException: Access denied for user 'root'@'localhost' (using password: NO)
at java.base/java.util.concurrent.Executors$RunnableAdapter.call(Executors.java:572)
at java.base/java.util.concurrent.FutureTask.run(FutureTask.java:317)
at java.base/java.util.concurrent.ThreadPoolExecutor.runWorker(ThreadPoolExecutor.java:1144)
at java.base/java.util.concurrent.ThreadPoolExecutor$Worker.run(ThreadPoolExecutor.java:642)
at java.base/java.lang.Thread.run(Thread.java:1583)
Caused by: java.sql.SQLException: Access denied for user 'root'@'localhost' (using password: NO)
at com.mysql.cj.jdbc.exceptions.SQLError.createSQLException(SQLError.java:121)
at com.mysql.cj.jdbc.exceptions.SQLExceptionsMapping.translateException(SQLExceptionsMapping.java:114)
at com.mysql.cj.jdbc.ConnectionImpl.createNewIO(ConnectionImpl.java:840)
at com.mysql.cj.jdbc.ConnectionImpl.<init>(ConnectionImpl.java:416)
at com.mysql.cj.jdbc.ConnectionImpl.getInstance(ConnectionImpl.java:237)
at com.mysql.cj.jdbc.NonRegisteringDriver.connect(NonRegisteringDriver.java:180)
at java.sql/java.sql.DriverManager.getConnection(DriverManager.java:683)
at java.sql/java.sql.DriverManager.getConnection(DriverManager.java:230)
at tests.submitOrder.getData(submitOrder.java:83)
... 15 more
... Removed 16 stack frames]]>
    </failure>
  </testcase> <!-- failLogin -->
  <testcase classname="tests.submitOrder" name="simpleTest" time="0.0">
    <ignored/>
  </testcase> <!-- simpleTest -->
  <testcase classname="tests.submitOrder" name="verifyProduct" time="0.0">
    <ignored/>
  </testcase> <!-- verifyProduct -->
</testsuite> <!-- submitOrder -->
