<?xml version="1.0" encoding="UTF-8"?>
<testng-results ignored="0" total="2" passed="2" failed="0" skipped="0">
  <reporter-output>
  </reporter-output>
  <suite started-at="2026-07-31T20:42:00 WEST" name="Error Validation suite" finished-at="2026-07-31T20:42:06 WEST" duration-ms="6376">
    <groups>
    </groups>
    <test started-at="2026-07-31T20:42:00 WEST" name="failLogin test" finished-at="2026-07-31T20:42:06 WEST" duration-ms="6376">
      <class name="tests.NegativeTest">
        <test-method is-config="true" signature="launchApplication()[pri:0, instance:tests.NegativeTest@57efc6fd]" started-at="2026-07-31T20:42:01 WEST" name="launchApplication" finished-at="2026-07-31T20:42:04 WEST" duration-ms="3033" status="PASS">
          <reporter-output>
          </reporter-output>
        </test-method> <!-- launchApplication -->
        <test-method is-config="true" signature="launchApplication()[pri:0, instance:tests.NegativeTest@57efc6fd]" started-at="2026-07-31T20:42:01 WEST" name="launchApplication" finished-at="2026-07-31T20:42:05 WEST" duration-ms="3779" status="PASS">
          <reporter-output>
          </reporter-output>
        </test-method> <!-- launchApplication -->
        <test-method signature="failLogin(java.lang.String,java.lang.String)[pri:0, instance:tests.NegativeTest@57efc6fd]" started-at="2026-07-31T20:42:04 WEST" name="failLogin" description="Running parallel DataProvider" data-provider="getData" finished-at="2026-07-31T20:42:06 WEST" duration-ms="1455" status="PASS">
          <params>
            <param index="0">
              <value>
                <![CDATA[username2]]>
              </value>
            </param>
            <param index="1">
              <value>
                <![CDATA[username2pass]]>
              </value>
            </param>
          </params>
          <reporter-output>
          </reporter-output>
        </test-method> <!-- failLogin -->
        <test-method signature="failLogin(java.lang.String,java.lang.String)[pri:0, instance:tests.NegativeTest@57efc6fd]" started-at="2026-07-31T20:42:05 WEST" name="failLogin" description="Running parallel DataProvider" data-provider="getData" finished-at="2026-07-31T20:42:06 WEST" duration-ms="923" status="PASS">
          <params>
            <param index="0">
              <value>
                <![CDATA[username1]]>
              </value>
            </param>
            <param index="1">
              <value>
                <![CDATA[username1pass]]>
              </value>
            </param>
          </params>
          <reporter-output>
          </reporter-output>
        </test-method> <!-- failLogin -->
        <test-method is-config="true" signature="tearDown()[pri:0, instance:tests.NegativeTest@57efc6fd]" started-at="2026-07-31T20:42:06 WEST" name="tearDown" finished-at="2026-07-31T20:42:06 WEST" duration-ms="391" status="PASS">
          <reporter-output>
          </reporter-output>
        </test-method> <!-- tearDown -->
        <test-method is-config="true" signature="tearDown()[pri:0, instance:tests.NegativeTest@57efc6fd]" started-at="2026-07-31T20:42:06 WEST" name="tearDown" finished-at="2026-07-31T20:42:06 WEST" duration-ms="380" status="PASS">
          <reporter-output>
          </reporter-output>
        </test-method> <!-- tearDown -->
      </class> <!-- tests.NegativeTest -->
    </test> <!-- failLogin test -->
  </suite> <!-- Error Validation suite -->
</testng-results>
