<?xml version="1.0" encoding="UTF-8"?>
<testsuite xmlns:xsi="http://www.w3.org/2001/XMLSchema-instance" xsi:noNamespaceSchemaLocation="https://maven.apache.org/surefire/maven-surefire-plugin/xsd/surefire-test-report.xsd" version="3.0.2" name="TestSuite" time="8.952" tests="2" errors="0" skipped="0" failures="0" flakes="0">
  <properties>
[...]
</properties>
  <testcase name="failLogin[username2, username2pass](1)" classname="tests.NegativeTest" time="0.869">
    <system-out><![CDATA[20:41:59 [main] DEBUG org.testng.TestNG - suiteXmlPath: "C:\work\QA\CICD\PracticeProject\testingSuites\ValidateError.xml"
20:42:00 [TestNG-test-failLogin test-1] INFO  utils.MysqlReader - attempt to log in to mysql server with user: (root) at url:  jdbc:mysql://localhost:3306/testdb
20:42:05 [TestNG-PoolService-1] INFO  pages.LandingPage - typing login for username:  username1
20:42:05 [TestNG-PoolService-2] INFO  pages.LandingPage - typing login for username:  username2
20:42:06 [TestNG-PoolService-2] DEBUG pages.LandingPage - attempt to clock login button [[ChromeDriver: chrome on windows (2202a750f3170fc2433b76017d447327)] -> id: login-button]
20:42:06 [TestNG-PoolService-1] DEBUG pages.LandingPage - attempt to clock login button [[ChromeDriver: chrome on windows (2ff63ebf8b089089d9375d7d32379507)] -> id: login-button]
]]></system-out>
    <system-err><![CDATA[Jul 31, 2026 8:42:00 PM io.opentelemetry.api.GlobalOpenTelemetry maybeAutoConfigureAndSetGlobal
INFO: AutoConfiguredOpenTelemetrySdk found on classpath but automatic configuration is disabled. To enable, run your JVM with -Dotel.java.global-autoconfigure.enabled=true
Jul 31, 2026 8:42:04 PM org.openqa.selenium.devtools.CdpVersionFinder findNearestMatch
WARNING: Unable to find an exact match for CDP version 150, returning the closest version; found: 149; Please update to a Selenium version that supports CDP version 150
Jul 31, 2026 8:42:04 PM org.openqa.selenium.devtools.CdpVersionFinder findNearestMatch
WARNING: Unable to find an exact match for CDP version 150, returning the closest version; found: 149; Please update to a Selenium version that supports CDP version 150
]]></system-err>
  </testcase>
  <testcase name="failLogin[username1, username1pass](2)" classname="tests.NegativeTest" time="0.921"/>
</testsuite>